# JRE version: OpenJDK Runtime Environment Temurin-21.0.10+7 (21.0.10+7) (build 21.0.10+7-LTS)
# Java VM: OpenJDK 64-Bit Server VM Temurin-21.0.10+7 (21.0.10+7-LTS, mixed mode, sharing, tiered, compressed oops, compressed class ptrs, parallel gc, windows-amd64)
GC Precious Log:
 CardTable entry size: 512
 CPUs: 12 total, 12 available
 Memory: 6005M
 Large Page Support: Disabled
 NUMA Support: Disabled
 Compressed Oops: Enabled (32-bit)
 Alignments: Space 512K, Generation 512K, Heap 2M
 Heap Min Capacity: 100M
 Heap Initial Capacity: 100M
 Heap Max Capacity: 2G
 Pre-touch: Disabled
 Parallel Workers: 10
Heap:
 PSYoungGen      total 6656K, used 4428K [0x00000000d5580000, 0x00000000d5f80000, 0x0000000100000000)
  eden space 6144K, 65% used [0x00000000d5580000,0x00000000d59730b8,0x00000000d5b80000)
  from space 512K, 75% used [0x00000000d5f00000,0x00000000d5f60000,0x00000000d5f80000)
  to   space 1024K, 0% used [0x00000000d5d80000,0x00000000d5d80000,0x00000000d5e80000)
 ParOldGen       total 562176K, used 418957K [0x0000000080000000, 0x00000000a2500000, 0x00000000d5580000)
  object space 562176K, 74% used [0x0000000080000000,0x00000000999237f8,0x00000000a2500000)
 Metaspace       used 83703K, committed 85376K, reserved 1179648K
  class space    used 8772K, committed 9536K, reserved 1048576K
GC Heap History (20 events):
Event: 345.875 GC heap before
{Heap before GC invocations=799 (full 4):
 PSYoungGen      total 4096K, used 2954K [0x00000000d5580000, 0x00000000d5d00000, 0x0000000100000000)
  eden space 3584K, 71% used [0x00000000d5580000,0x00000000d5802ac0,0x00000000d5900000)
  from space 512K, 75% used [0x00000000d5c80000,0x00000000d5ce0000,0x00000000d5d00000)
  to   space 1024K, 0% used [0x00000000d5b00000,0x00000000d5b00000,0x00000000d5c00000)
 ParOldGen       total 562176K, used 411980K [0x0000000080000000, 0x00000000a2500000, 0x00000000d5580000)
  object space 562176K, 73% used [0x0000000080000000,0x00000000992533d8,0x00000000a2500000)
 Metaspace       used 83555K, committed 85248K, reserved 1179648K
  class space    used 8770K, committed 9536K, reserved 1048576K
}
Event: 345.876 GC heap after
{Heap after GC invocations=799 (full 4):
 PSYoungGen      total 4608K, used 288K [0x00000000d5580000, 0x00000000d5d00000, 0x0000000100000000)
  eden space 3584K, 0% used [0x00000000d5580000,0x00000000d5580000,0x00000000d5900000)
  from space 1024K, 28% used [0x00000000d5b00000,0x00000000d5b48000,0x00000000d5c00000)
  to   space 512K, 0% used [0x00000000d5c80000,0x00000000d5c80000,0x00000000d5d00000)
 ParOldGen       total 562176K, used 412186K [0x0000000080000000, 0x00000000a2500000, 0x00000000d5580000)
  object space 562176K, 73% used [0x0000000080000000,0x0000000099286a58,0x00000000a2500000)
 Metaspace       used 83555K, committed 85248K, reserved 1179648K
  class space    used 8770K, committed 9536K, reserved 1048576K
}
Event: 345.885 GC heap before
{Heap before GC invocations=800 (full 4):
 PSYoungGen      total 4608K, used 3872K [0x00000000d5580000, 0x00000000d5d00000, 0x0000000100000000)
  eden space 3584K, 100% used [0x00000000d5580000,0x00000000d5900000,0x00000000d5900000)
  from space 1024K, 28% used [0x00000000d5b00000,0x00000000d5b48000,0x00000000d5c00000)
  to   space 512K, 0% used [0x00000000d5c80000,0x00000000d5c80000,0x00000000d5d00000)
 ParOldGen       total 562176K, used 412186K [0x0000000080000000, 0x00000000a2500000, 0x00000000d5580000)
  object space 562176K, 73% used [0x0000000080000000,0x0000000099286a58,0x00000000a2500000)
 Metaspace       used 83555K, committed 85248K, reserved 1179648K
  class space    used 8770K, committed 9536K, reserved 1048576K
}
Event: 345.887 GC heap after
{Heap after GC invocations=800 (full 4):
 PSYoungGen      total 4096K, used 512K [0x00000000d5580000, 0x00000000d5d00000, 0x0000000100000000)
  eden space 3584K, 0% used [0x00000000d5580000,0x00000000d5580000,0x00000000d5900000)
  from space 512K, 100% used [0x00000000d5c80000,0x00000000d5d00000,0x00000000d5d00000)
  to   space 1024K, 0% used [0x00000000d5b00000,0x00000000d5b00000,0x00000000d5c00000)
 ParOldGen       total 562176K, used 412418K [0x0000000080000000, 0x00000000a2500000, 0x00000000d5580000)
  object space 562176K, 73% used [0x0000000080000000,0x00000000992c0a58,0x00000000a2500000)
 Metaspace       used 83555K, committed 85248K, reserved 1179648K
  class space    used 8770K, committed 9536K, reserved 1048576K
}
Event: 345.894 GC heap before
{Heap before GC invocations=801 (full 4):
 PSYoungGen      total 4096K, used 3657K [0x00000000d5580000, 0x00000000d5d00000, 0x0000000100000000)
  eden space 3584K, 87% used [0x00000000d5580000,0x00000000d58926d8,0x00000000d5900000)
  from space 512K, 100% used [0x00000000d5c80000,0x00000000d5d00000,0x00000000d5d00000)
  to   space 1024K, 0% used [0x00000000d5b00000,0x00000000d5b00000,0x00000000d5c00000)
 ParOldGen       total 562176K, used 412418K [0x0000000080000000, 0x00000000a2500000, 0x00000000d5580000)
  object space 562176K, 73% used [0x0000000080000000,0x00000000992c0a58,0x00000000a2500000)
 Metaspace       used 83557K, committed 85248K, reserved 1179648K
  class space    used 8770K, committed 9536K, reserved 1048576K
}
Event: 345.897 GC heap after
{Heap after GC invocations=801 (full 4):
 PSYoungGen      total 4608K, used 480K [0x00000000d5580000, 0x00000000d5d00000, 0x0000000100000000)
  eden space 3584K, 0% used [0x00000000d5580000,0x00000000d5580000,0x00000000d5900000)
  from space 1024K, 46% used [0x00000000d5b00000,0x00000000d5b78000,0x00000000d5c00000)
  to   space 1024K, 0% used [0x00000000d5c00000,0x00000000d5c00000,0x00000000d5d00000)
 ParOldGen       total 562176K, used 412914K [0x0000000080000000, 0x00000000a2500000, 0x00000000d5580000)
  object space 562176K, 73% used [0x0000000080000000,0x000000009933ca58,0x00000000a2500000)
 Metaspace       used 83557K, committed 85248K, reserved 1179648K
  class space    used 8770K, committed 9536K, reserved 1048576K
}
Event: 345.904 GC heap before
{Heap before GC invocations=802 (full 4):
 PSYoungGen      total 4608K, used 4064K [0x00000000d5580000, 0x00000000d5d00000, 0x0000000100000000)
  eden space 3584K, 100% used [0x00000000d5580000,0x00000000d5900000,0x00000000d5900000)
  from space 1024K, 46% used [0x00000000d5b00000,0x00000000d5b78000,0x00000000d5c00000)
  to   space 1024K, 0% used [0x00000000d5c00000,0x00000000d5c00000,0x00000000d5d00000)
 ParOldGen       total 562176K, used 412914K [0x0000000080000000, 0x00000000a2500000, 0x00000000d5580000)
  object space 562176K, 73% used [0x0000000080000000,0x000000009933ca58,0x00000000a2500000)
 Metaspace       used 83557K, committed 85248K, reserved 1179648K
  class space    used 8770K, committed 9536K, reserved 1048576K
}
Event: 345.906 GC heap after
{Heap after GC invocations=802 (full 4):
 PSYoungGen      total 5632K, used 672K [0x00000000d5580000, 0x00000000d5d00000, 0x0000000100000000)
  eden space 4608K, 0% used [0x00000000d5580000,0x00000000d5580000,0x00000000d5a00000)
  from space 1024K, 65% used [0x00000000d5c00000,0x00000000d5ca8000,0x00000000d5d00000)
  to   space 1024K, 0% used [0x00000000d5b00000,0x00000000d5b00000,0x00000000d5c00000)
 ParOldGen       total 562176K, used 413148K [0x0000000080000000, 0x00000000a2500000, 0x00000000d5580000)
  object space 562176K, 73% used [0x0000000080000000,0x00000000993770e8,0x00000000a2500000)
 Metaspace       used 83557K, committed 85248K, reserved 1179648K
  class space    used 8770K, committed 9536K, reserved 1048576K
}
Event: 345.915 GC heap before
{Heap before GC invocations=803 (full 4):
 PSYoungGen      total 5632K, used 5266K [0x00000000d5580000, 0x00000000d5d00000, 0x0000000100000000)
  eden space 4608K, 99% used [0x00000000d5580000,0x00000000d59fc888,0x00000000d5a00000)
  from space 1024K, 65% used [0x00000000d5c00000,0x00000000d5ca8000,0x00000000d5d00000)
  to   space 1024K, 0% used [0x00000000d5b00000,0x00000000d5b00000,0x00000000d5c00000)
 ParOldGen       total 562176K, used 413148K [0x0000000080000000, 0x00000000a2500000, 0x00000000d5580000)
  object space 562176K, 73% used [0x0000000080000000,0x00000000993770e8,0x00000000a2500000)
 Metaspace       used 83558K, committed 85248K, reserved 1179648K
  class space    used 8770K, committed 9536K, reserved 1048576K
}
Event: 345.924 GC heap after
{Heap after GC invocations=803 (full 4):
 PSYoungGen      total 6656K, used 416K [0x00000000d5580000, 0x00000000d5c80000, 0x0000000100000000)
  eden space 5632K, 0% used [0x00000000d5580000,0x00000000d5580000,0x00000000d5b00000)
  from space 1024K, 40% used [0x00000000d5b00000,0x00000000d5b68000,0x00000000d5c00000)
  to   space 512K, 0% used [0x00000000d5c00000,0x00000000d5c00000,0x00000000d5c80000)
 ParOldGen       total 562176K, used 416582K [0x0000000080000000, 0x00000000a2500000, 0x00000000d5580000)
  object space 562176K, 74% used [0x0000000080000000,0x00000000996d1a88,0x00000000a2500000)
 Metaspace       used 83558K, committed 85248K, reserved 1179648K
  class space    used 8770K, committed 9536K, reserved 1048576K
}
Event: 345.934 GC heap before
{Heap before GC invocations=804 (full 4):
 PSYoungGen      total 6656K, used 5773K [0x00000000d5580000, 0x00000000d5c80000, 0x0000000100000000)
  eden space 5632K, 95% used [0x00000000d5580000,0x00000000d5abb6a0,0x00000000d5b00000)
  from space 1024K, 40% used [0x00000000d5b00000,0x00000000d5b68000,0x00000000d5c00000)
  to   space 512K, 0% used [0x00000000d5c00000,0x00000000d5c00000,0x00000000d5c80000)
 ParOldGen       total 562176K, used 416582K [0x0000000080000000, 0x00000000a2500000, 0x00000000d5580000)
  object space 562176K, 74% used [0x0000000080000000,0x00000000996d1a88,0x00000000a2500000)
 Metaspace       used 83559K, committed 85248K, reserved 1179648K
  class space    used 8770K, committed 9536K, reserved 1048576K
}
Event: 345.936 GC heap after
{Heap after GC invocations=804 (full 4):
 PSYoungGen      total 6656K, used 352K [0x00000000d5580000, 0x00000000d5d80000, 0x0000000100000000)
  eden space 6144K, 0% used [0x00000000d5580000,0x00000000d5580000,0x00000000d5b80000)
  from space 512K, 68% used [0x00000000d5c00000,0x00000000d5c58000,0x00000000d5c80000)
  to   space 512K, 0% used [0x00000000d5b80000,0x00000000d5b80000,0x00000000d5c00000)
 ParOldGen       total 562176K, used 416662K [0x0000000080000000, 0x00000000a2500000, 0x00000000d5580000)
  object space 562176K, 74% used [0x0000000080000000,0x00000000996e5a88,0x00000000a2500000)
 Metaspace       used 83559K, committed 85248K, reserved 1179648K
  class space    used 8770K, committed 9536K, reserved 1048576K
}
Event: 345.947 GC heap before
{Heap before GC invocations=805 (full 4):
 PSYoungGen      total 6656K, used 6489K [0x00000000d5580000, 0x00000000d5d80000, 0x0000000100000000)
  eden space 6144K, 99% used [0x00000000d5580000,0x00000000d5b7e538,0x00000000d5b80000)
  from space 512K, 68% used [0x00000000d5c00000,0x00000000d5c58000,0x00000000d5c80000)
  to   space 512K, 0% used [0x00000000d5b80000,0x00000000d5b80000,0x00000000d5c00000)
 ParOldGen       total 562176K, used 416662K [0x0000000080000000, 0x00000000a2500000, 0x00000000d5580000)
  object space 562176K, 74% used [0x0000000080000000,0x00000000996e5a88,0x00000000a2500000)
 Metaspace       used 83559K, committed 85248K, reserved 1179648K
  class space    used 8770K, committed 9536K, reserved 1048576K
}
Event: 345.951 GC heap after
{Heap after GC invocations=805 (full 4):
 PSYoungGen      total 6656K, used 504K [0x00000000d5580000, 0x00000000d6200000, 0x0000000100000000)
  eden space 6144K, 0% used [0x00000000d5580000,0x00000000d5580000,0x00000000d5b80000)
  from space 512K, 98% used [0x00000000d5b80000,0x00000000d5bfe1f8,0x00000000d5c00000)
  to   space 2560K, 0% used [0x00000000d5f80000,0x00000000d5f80000,0x00000000d6200000)
 ParOldGen       total 562176K, used 418183K [0x0000000080000000, 0x00000000a2500000, 0x00000000d5580000)
  object space 562176K, 74% used [0x0000000080000000,0x0000000099861f78,0x00000000a2500000)
 Metaspace       used 83559K, committed 85248K, reserved 1179648K
  class space    used 8770K, committed 9536K, reserved 1048576K
}
Event: 345.961 GC heap before
{Heap before GC invocations=806 (full 4):
 PSYoungGen      total 6656K, used 5396K [0x00000000d5580000, 0x00000000d6200000, 0x0000000100000000)
  eden space 6144K, 79% used [0x00000000d5580000,0x00000000d5a46e20,0x00000000d5b80000)
  from space 512K, 98% used [0x00000000d5b80000,0x00000000d5bfe1f8,0x00000000d5c00000)
  to   space 2560K, 0% used [0x00000000d5f80000,0x00000000d5f80000,0x00000000d6200000)
 ParOldGen       total 562176K, used 418183K [0x0000000080000000, 0x00000000a2500000, 0x00000000d5580000)
  object space 562176K, 74% used [0x0000000080000000,0x0000000099861f78,0x00000000a2500000)
 Metaspace       used 83559K, committed 85248K, reserved 1179648K
  class space    used 8770K, committed 9536K, reserved 1048576K
}
Event: 345.962 GC heap after
{Heap after GC invocations=806 (full 4):
 PSYoungGen      total 6656K, used 288K [0x00000000d5580000, 0x00000000d6000000, 0x0000000100000000)
  eden space 6144K, 0% used [0x00000000d5580000,0x00000000d5580000,0x00000000d5b80000)
  from space 512K, 56% used [0x00000000d5f80000,0x00000000d5fc8000,0x00000000d6000000)
  to   space 1024K, 0% used [0x00000000d5e00000,0x00000000d5e00000,0x00000000d5f00000)
 ParOldGen       total 562176K, used 418216K [0x0000000080000000, 0x00000000a2500000, 0x00000000d5580000)
  object space 562176K, 74% used [0x0000000080000000,0x000000009986a378,0x00000000a2500000)
 Metaspace       used 83559K, committed 85248K, reserved 1179648K
  class space    used 8770K, committed 9536K, reserved 1048576K
}
Event: 345.970 GC heap before
{Heap before GC invocations=807 (full 4):
 PSYoungGen      total 6656K, used 6432K [0x00000000d5580000, 0x00000000d6000000, 0x0000000100000000)
  eden space 6144K, 100% used [0x00000000d5580000,0x00000000d5b80000,0x00000000d5b80000)
  from space 512K, 56% used [0x00000000d5f80000,0x00000000d5fc8000,0x00000000d6000000)
  to   space 1024K, 0% used [0x00000000d5e00000,0x00000000d5e00000,0x00000000d5f00000)
 ParOldGen       total 562176K, used 418216K [0x0000000080000000, 0x00000000a2500000, 0x00000000d5580000)
  object space 562176K, 74% used [0x0000000080000000,0x000000009986a378,0x00000000a2500000)
 Metaspace       used 83559K, committed 85248K, reserved 1179648K
  class space    used 8770K, committed 9536K, reserved 1048576K
}
Event: 345.972 GC heap after
{Heap after GC invocations=807 (full 4):
 PSYoungGen      total 7168K, used 736K [0x00000000d5580000, 0x00000000d6000000, 0x0000000100000000)
  eden space 6144K, 0% used [0x00000000d5580000,0x00000000d5580000,0x00000000d5b80000)
  from space 1024K, 71% used [0x00000000d5e00000,0x00000000d5eb8000,0x00000000d5f00000)
  to   space 1024K, 0% used [0x00000000d5f00000,0x00000000d5f00000,0x00000000d6000000)
 ParOldGen       total 562176K, used 418301K [0x0000000080000000, 0x00000000a2500000, 0x00000000d5580000)
  object space 562176K, 74% used [0x0000000080000000,0x000000009987f7f8,0x00000000a2500000)
 Metaspace       used 83559K, committed 85248K, reserved 1179648K
  class space    used 8770K, committed 9536K, reserved 1048576K
}
Event: 370.496 GC heap before
{Heap before GC invocations=808 (full 4):
 PSYoungGen      total 7168K, used 6880K [0x00000000d5580000, 0x00000000d6000000, 0x0000000100000000)
  eden space 6144K, 100% used [0x00000000d5580000,0x00000000d5b80000,0x00000000d5b80000)
  from space 1024K, 71% used [0x00000000d5e00000,0x00000000d5eb8000,0x00000000d5f00000)
  to   space 1024K, 0% used [0x00000000d5f00000,0x00000000d5f00000,0x00000000d6000000)
 ParOldGen       total 562176K, used 418301K [0x0000000080000000, 0x00000000a2500000, 0x00000000d5580000)
  object space 562176K, 74% used [0x0000000080000000,0x000000009987f7f8,0x00000000a2500000)
 Metaspace       used 83617K, committed 85376K, reserved 1179648K
  class space    used 8770K, committed 9536K, reserved 1048576K
}
Event: 370.501 GC heap after
{Heap after GC invocations=808 (full 4):
 PSYoungGen      total 6656K, used 384K [0x00000000d5580000, 0x00000000d5f80000, 0x0000000100000000)
  eden space 6144K, 0% used [0x00000000d5580000,0x00000000d5580000,0x00000000d5b80000)
  from space 512K, 75% used [0x00000000d5f00000,0x00000000d5f60000,0x00000000d5f80000)
  to   space 1024K, 0% used [0x00000000d5d80000,0x00000000d5d80000,0x00000000d5e80000)
 ParOldGen       total 562176K, used 418957K [0x0000000080000000, 0x00000000a2500000, 0x00000000d5580000)
  object space 562176K, 74% used [0x0000000080000000,0x00000000999237f8,0x00000000a2500000)
 Metaspace       used 83617K, committed 85376K, reserved 1179648K
  class space    used 8770K, committed 9536K, reserved 1048576K
}

